C:\Users\namly\.jdks\ms-17.0.15\bin\java.exe -agentlib:jdwp=transport=dt_socket,address=127.0.0.1:65485,suspend=y,server=n -agentpath:C:\Users\namly\AppData\Local\Temp\idea_libasyncProfiler_dll_temp_folder\libasyncProfiler.dll=version,jfr,event=wall,interval=10ms,cstack=no,file=C:\Users\namly\IdeaSnapshots\SpringBatchTestApplication_2025_07_13_141957.jfr,dbghelppath=C:\Users\namly\AppData\Local\Temp\idea_dbghelp_dll_temp_folder\dbghelp.dll,log=C:\Users\namly\AppData\Local\Temp\SpringBatchTestApplication_2025_07_13_141957.jfr.log.txt,logLevel=DEBUG -XX:TieredStopAtLevel=1 -Dspring.profiles.active=local -Dspring.output.ansi.enabled=always -Dcom.sun.management.jmxremote -Dspring.jmx.enabled=true -Dspring.liveBeansView.mbeanDomain -Dspring.application.admin.enabled=true "-Dmanagement.endpoints.jmx.exposure.include=*" -javaagent:C:\Users\namly\AppData\Local\JetBrains\IntelliJIdea2024.3\captureAgent\debugger-agent.jar -Dkotlinx.coroutines.debug.enable.creation.stack.trace=false -Ddebugger.agent.enable.coroutines=true -Dkotlinx.coroutines.debug.enable.flows.stack.trace=true -Dkotlinx.coroutines.debug.enable.mutable.state.flows.stack.trace=true -Dfile.encoding=UTF-8 -classpath "D:\_DEV\_Projects\spring-batch-test\target\classes;C:\Users\namly\.m2\repository\org\springframework\boot\spring-boot-starter-actuator\3.5.3\spring-boot-starter-actuator-3.5.3.jar;C:\Users\namly\.m2\repository\org\springframework\boot\spring-boot-starter\3.5.3\spring-boot-starter-3.5.3.jar;C:\Users\namly\.m2\repository\org\springframework\boot\spring-boot\3.5.3\spring-boot-3.5.3.jar;C:\Users\namly\.m2\repository\org\springframework\boot\spring-boot-autoconfigure\3.5.3\spring-boot-autoconfigure-3.5.3.jar;C:\Users\namly\.m2\repository\jakarta\annotation\jakarta.annotation-api\2.1.1\jakarta.annotation-api-2.1.1.jar;C:\Users\namly\.m2\repository\org\yaml\snakeyaml\2.4\snakeyaml-2.4.jar;C:\Users\namly\.m2\repository\org\springframework\boot\spring-boot-actuator-autoconfigure\3.5.3\spring-boot-actuator-autoconfigure-3.5.3.jar;C:\Users\namly\.m2\repository\org\springframework\boot\spring-boot-actuator\3.5.3\spring-boot-actuator-3.5.3.jar;C:\Users\namly\.m2\repository\com\fasterxml\jackson\core\jackson-databind\2.19.1\jackson-databind-2.19.1.jar;C:\Users\namly\.m2\repository\com\fasterxml\jackson\core\jackson-annotations\2.19.1\jackson-annotations-2.19.1.jar;C:\Users\namly\.m2\repository\com\fasterxml\jackson\core\jackson-core\2.19.1\jackson-core-2.19.1.jar;C:\Users\namly\.m2\repository\com\fasterxml\jackson\datatype\jackson-datatype-jsr310\2.19.1\jackson-datatype-jsr310-2.19.1.jar;C:\Users\namly\.m2\repository\io\micrometer\micrometer-jakarta9\1.15.1\micrometer-jakarta9-1.15.1.jar;C:\Users\namly\.m2\repository\io\micrometer\micrometer-core\1.15.1\micrometer-core-1.15.1.jar;C:\Users\namly\.m2\repository\org\hdrhistogram\HdrHistogram\2.2.2\HdrHistogram-2.2.2.jar;C:\Users\namly\.m2\repository\org\latencyutils\LatencyUtils\2.0.3\LatencyUtils-2.0.3.jar;C:\Users\namly\.m2\repository\org\springframework\boot\spring-boot-starter-data-jpa\3.5.3\spring-boot-starter-data-jpa-3.5.3.jar;C:\Users\namly\.m2\repository\org\springframework\boot\spring-boot-starter-jdbc\3.5.3\spring-boot-starter-jdbc-3.5.3.jar;C:\Users\namly\.m2\repository\com\zaxxer\HikariCP\6.3.0\HikariCP-6.3.0.jar;C:\Users\namly\.m2\repository\org\springframework\spring-jdbc\6.2.8\spring-jdbc-6.2.8.jar;C:\Users\namly\.m2\repository\org\hibernate\orm\hibernate-core\6.6.18.Final\hibernate-core-6.6.18.Final.jar;C:\Users\namly\.m2\repository\jakarta\persistence\jakarta.persistence-api\3.1.0\jakarta.persistence-api-3.1.0.jar;C:\Users\namly\.m2\repository\jakarta\transaction\jakarta.transaction-api\2.0.1\jakarta.transaction-api-2.0.1.jar;C:\Users\namly\.m2\repository\org\jboss\logging\jboss-logging\3.6.1.Final\jboss-logging-3.6.1.Final.jar;C:\Users\namly\.m2\repository\org\hibernate\common\hibernate-commons-annotations\7.0.3.Final\hibernate-commons-annotations-7.0.3.Final.jar;C:\Users\namly\.m2\repository\io\smallrye\jandex\3.2.0\jandex-3.2.0.jar;C:\Users\namly\.m2\repository\com\fasterxml\classmate\1.7.0\classmate-1.7.0.jar;C:\Users\namly\.m2\repository\net\bytebuddy\byte-buddy\1.17.6\byte-buddy-1.17.6.jar;C:\Users\namly\.m2\repository\org\glassfish\jaxb\jaxb-runtime\4.0.5\jaxb-runtime-4.0.5.jar;C:\Users\namly\.m2\repository\org\glassfish\jaxb\jaxb-core\4.0.5\jaxb-core-4.0.5.jar;C:\Users\namly\.m2\repository\org\eclipse\angus\angus-activation\2.0.2\angus-activation-2.0.2.jar;C:\Users\namly\.m2\repository\org\glassfish\jaxb\txw2\4.0.5\txw2-4.0.5.jar;C:\Users\namly\.m2\repository\com\sun\istack\istack-commons-runtime\4.1.2\istack-commons-runtime-4.1.2.jar;C:\Users\namly\.m2\repository\jakarta\inject\jakarta.inject-api\2.0.1\jakarta.inject-api-2.0.1.jar;C:\Users\namly\.m2\repository\org\antlr\antlr4-runtime\4.13.0\antlr4-runtime-4.13.0.jar;C:\Users\namly\.m2\repository\org\springframework\data\spring-data-jpa\3.5.1\spring-data-jpa-3.5.1.jar;C:\Users\namly\.m2\repository\org\springframework\data\spring-data-commons\3.5.1\spring-data-commons-3.5.1.jar;C:\Users\namly\.m2\repository\org\springframework\spring-orm\6.2.8\spring-orm-6.2.8.jar;C:\Users\namly\.m2\repository\org\springframework\spring-context\6.2.8\spring-context-6.2.8.jar;C:\Users\namly\.m2\repository\org\springframework\spring-aop\6.2.8\spring-aop-6.2.8.jar;C:\Users\namly\.m2\repository\org\springframework\spring-tx\6.2.8\spring-tx-6.2.8.jar;C:\Users\namly\.m2\repository\org\springframework\spring-beans\6.2.8\spring-beans-6.2.8.jar;C:\Users\namly\.m2\repository\org\springframework\spring-aspects\6.2.8\spring-aspects-6.2.8.jar;C:\Users\namly\.m2\repository\org\aspectj\aspectjweaver\1.9.24\aspectjweaver-1.9.24.jar;C:\Users\namly\.m2\repository\org\springframework\boot\spring-boot-starter-web\3.5.3\spring-boot-starter-web-3.5.3.jar;C:\Users\namly\.m2\repository\org\springframework\boot\spring-boot-starter-json\3.5.3\spring-boot-starter-json-3.5.3.jar;C:\Users\namly\.m2\repository\com\fasterxml\jackson\datatype\jackson-datatype-jdk8\2.19.1\jackson-datatype-jdk8-2.19.1.jar;C:\Users\namly\.m2\repository\com\fasterxml\jackson\module\jackson-module-parameter-names\2.19.1\jackson-module-parameter-names-2.19.1.jar;C:\Users\namly\.m2\repository\org\springframework\boot\spring-boot-starter-tomcat\3.5.3\spring-boot-starter-tomcat-3.5.3.jar;C:\Users\namly\.m2\repository\org\apache\tomcat\embed\tomcat-embed-core\10.1.42\tomcat-embed-core-10.1.42.jar;C:\Users\namly\.m2\repository\org\apache\tomcat\embed\tomcat-embed-el\10.1.42\tomcat-embed-el-10.1.42.jar;C:\Users\namly\.m2\repository\org\apache\tomcat\embed\tomcat-embed-websocket\10.1.42\tomcat-embed-websocket-10.1.42.jar;C:\Users\namly\.m2\repository\org\springframework\spring-web\6.2.8\spring-web-6.2.8.jar;C:\Users\namly\.m2\repository\org\springframework\spring-webmvc\6.2.8\spring-webmvc-6.2.8.jar;C:\Users\namly\.m2\repository\org\springframework\spring-expression\6.2.8\spring-expression-6.2.8.jar;C:\Users\namly\.m2\repository\org\springframework\batch\spring-batch-core\5.2.2\spring-batch-core-5.2.2.jar;C:\Users\namly\.m2\repository\org\springframework\batch\spring-batch-infrastructure\5.2.2\spring-batch-infrastructure-5.2.2.jar;C:\Users\namly\.m2\repository\org\springframework\retry\spring-retry\2.0.12\spring-retry-2.0.12.jar;C:\Users\namly\.m2\repository\io\micrometer\micrometer-observation\1.15.1\micrometer-observation-1.15.1.jar;C:\Users\namly\.m2\repository\io\micrometer\micrometer-commons\1.15.1\micrometer-commons-1.15.1.jar;C:\Users\namly\.m2\repository\io\micrometer\micrometer-tracing\1.5.1\micrometer-tracing-1.5.1.jar;C:\Users\namly\.m2\repository\io\micrometer\context-propagation\1.1.3\context-propagation-1.1.3.jar;C:\Users\namly\.m2\repository\aopalliance\aopalliance\1.0\aopalliance-1.0.jar;C:\Users\namly\.m2\repository\io\micrometer\micrometer-tracing-bridge-otel\1.5.1\micrometer-tracing-bridge-otel-1.5.1.jar;C:\Users\namly\.m2\repository\org\slf4j\slf4j-api\2.0.17\slf4j-api-2.0.17.jar;C:\Users\namly\.m2\repository\io\opentelemetry\opentelemetry-api\1.49.0\opentelemetry-api-1.49.0.jar;C:\Users\namly\.m2\repository\io\opentelemetry\opentelemetry-context\1.49.0\opentelemetry-context-1.49.0.jar;C:\Users\namly\.m2\repository\io\opentelemetry\semconv\opentelemetry-semconv\1.32.0\opentelemetry-semconv-1.32.0.jar;C:\Users\namly\.m2\repository\io\opentelemetry\opentelemetry-sdk-common\1.49.0\opentelemetry-sdk-common-1.49.0.jar;C:\Users\namly\.m2\repository\io\opentelemetry\opentelemetry-sdk-trace\1.49.0\opentelemetry-sdk-trace-1.49.0.jar;C:\Users\namly\.m2\repository\io\opentelemetry\opentelemetry-sdk\1.49.0\opentelemetry-sdk-1.49.0.jar;C:\Users\namly\.m2\repository\io\opentelemetry\opentelemetry-sdk-metrics\1.49.0\opentelemetry-sdk-metrics-1.49.0.jar;C:\Users\namly\.m2\repository\io\opentelemetry\opentelemetry-sdk-logs\1.49.0\opentelemetry-sdk-logs-1.49.0.jar;C:\Users\namly\.m2\repository\io\opentelemetry\opentelemetry-extension-trace-propagators\1.49.0\opentelemetry-extension-trace-propagators-1.49.0.jar;C:\Users\namly\.m2\repository\org\springframework\boot\spring-boot-starter-logging\3.5.3\spring-boot-starter-logging-3.5.3.jar;C:\Users\namly\.m2\repository\ch\qos\logback\logback-classic\1.5.18\logback-classic-1.5.18.jar;C:\Users\namly\.m2\repository\ch\qos\logback\logback-core\1.5.18\logback-core-1.5.18.jar;C:\Users\namly\.m2\repository\org\apache\logging\log4j\log4j-to-slf4j\2.24.3\log4j-to-slf4j-2.24.3.jar;C:\Users\namly\.m2\repository\org\apache\logging\log4j\log4j-api\2.24.3\log4j-api-2.24.3.jar;C:\Users\namly\.m2\repository\org\slf4j\jul-to-slf4j\2.0.17\jul-to-slf4j-2.0.17.jar;C:\Users\namly\.m2\repository\com\h2database\h2\2.3.232\h2-2.3.232.jar;C:\Users\namly\.m2\repository\org\projectlombok\lombok\1.18.38\lombok-1.18.38.jar;C:\Users\namly\.m2\repository\jakarta\xml\bind\jakarta.xml.bind-api\4.0.2\jakarta.xml.bind-api-4.0.2.jar;C:\Users\namly\.m2\repository\jakarta\activation\jakarta.activation-api\2.1.3\jakarta.activation-api-2.1.3.jar;C:\Users\namly\.m2\repository\org\springframework\spring-core\6.2.8\spring-core-6.2.8.jar;C:\Users\namly\.m2\repository\org\springframework\spring-jcl\6.2.8\spring-jcl-6.2.8.jar;C:\Program Files\JetBrains\IntelliJ IDEA 2024.3.2.2\lib\idea_rt.jar" org.example.springbatchtest.SpringBatchTestApplication
Connected to the target VM, address: '127.0.0.1:65485', transport: 'socket'
14:19:58,279 |-WARN in ch.qos.logback.core.model.processor.ImplicitModelHandler - Ignoring unknown property [jansi] in [ch.qos.logback.classic.LoggerContext]

  .   ____          _            __ _ _
 /\\ / ___'_ __ _ _(_)_ __  __ _ \ \ \ \
( ( )\___ | '_ | '_| | '_ \/ _` | \ \ \ \
 \\/  ___)| |_)| | | | | || (_| |  ) ) ) )
  '  |____| .__|_| |_|_| |_\__, | / / / /
 =========|_|==============|___/=/_/_/_/

 :: Spring Boot ::                (v3.5.3)

14:19:58.364 INFO  [main] o.e.s.SpringBatchTestApplication - [traceId: , spanId: ] - Starting SpringBatchTestApplication using Java 17.0.15 with PID 11564 (D:\_DEV\_Projects\spring-batch-test\target\classes started by namly in C:\Users\namly\IdeaProjects\Test)
14:19:58.364 INFO  [main] o.e.s.SpringBatchTestApplication - [traceId: , spanId: ] - The following 1 profile is active: "local"
14:19:58.736 INFO  [main] o.s.b.c.c.annotation.BatchRegistrar - [traceId: , spanId: ] - Finished Spring Batch infrastructure beans configuration in 1 ms.
14:19:58.949 INFO  [main] o.s.d.r.c.RepositoryConfigurationDelegate - [traceId: , spanId: ] - Bootstrapping Spring Data JPA repositories in DEFAULT mode.
14:19:58.963 INFO  [main] o.s.d.r.c.RepositoryConfigurationDelegate - [traceId: , spanId: ] - Finished Spring Data repository scanning in 9 ms. Found 0 JPA repository interfaces.
14:19:59.256 INFO  [main] o.s.b.w.e.tomcat.TomcatWebServer - [traceId: , spanId: ] - Tomcat initialized with port 8080 (http)
14:19:59.263 INFO  [main] o.a.coyote.http11.Http11NioProtocol - [traceId: , spanId: ] - Initializing ProtocolHandler ["http-nio-8080"]
14:19:59.263 INFO  [main] o.a.catalina.core.StandardService - [traceId: , spanId: ] - Starting service [Tomcat]
14:19:59.263 INFO  [main] o.a.catalina.core.StandardEngine - [traceId: , spanId: ] - Starting Servlet engine: [Apache Tomcat/10.1.42]
14:19:59.296 INFO  [main] o.a.c.c.C.[Tomcat].[localhost].[/] - [traceId: , spanId: ] - Initializing Spring embedded WebApplicationContext
14:19:59.296 INFO  [main] o.s.b.w.s.c.ServletWebServerApplicationContext - [traceId: , spanId: ] - Root WebApplicationContext: initialization completed in 895 ms
14:19:59.475 INFO  [main] com.zaxxer.hikari.HikariDataSource - [traceId: , spanId: ] - HikariPool-1 - Starting...
14:19:59.595 INFO  [main] com.zaxxer.hikari.pool.HikariPool - [traceId: , spanId: ] - HikariPool-1 - Added connection conn0: url=jdbc:h2:mem:testdb user=SA
14:19:59.595 INFO  [main] com.zaxxer.hikari.HikariDataSource - [traceId: , spanId: ] - HikariPool-1 - Start completed.
14:19:59.675 INFO  [main] o.h.jpa.internal.util.LogHelper - [traceId: , spanId: ] - HHH000204: Processing PersistenceUnitInfo [name: default]
14:19:59.708 INFO  [main] org.hibernate.Version - [traceId: , spanId: ] - HHH000412: Hibernate ORM core version 6.6.18.Final
14:19:59.735 INFO  [main] o.h.c.i.RegionFactoryInitiator - [traceId: , spanId: ] - HHH000026: Second-level cache disabled
14:19:59.900 INFO  [main] o.s.o.j.p.SpringPersistenceUnitInfo - [traceId: , spanId: ] - No LoadTimeWeaver setup: ignoring JPA class transformer
14:19:59.953 INFO  [main] o.hibernate.orm.connections.pooling - [traceId: , spanId: ] - HHH10001005: Database info:
	Database JDBC URL [Connecting through datasource 'HikariDataSource (HikariPool-1)']
	Database driver: undefined/unknown
	Database version: 2.3.232
	Autocommit mode: undefined/unknown
	Isolation level: undefined/unknown
	Minimum pool size: undefined/unknown
	Maximum pool size: undefined/unknown
14:20:00.173 INFO  [main] o.h.e.t.j.p.i.JtaPlatformInitiator - [traceId: , spanId: ] - HHH000489: No JTA platform available (set 'hibernate.transaction.jta.platform' to enable JTA platform integration)
14:20:00.173 INFO  [main] o.s.o.j.LocalContainerEntityManagerFactoryBean - [traceId: , spanId: ] - Initialized JPA EntityManagerFactory for persistence unit 'default'
14:20:00.188 INFO  [main] o.s.b.c.r.s.JobRepositoryFactoryBean - [traceId: , spanId: ] - No database type set, using meta data indicating: H2
14:20:00.221 INFO  [main] o.s.b.c.l.s.TaskExecutorJobLauncher - [traceId: , spanId: ] - No TaskExecutor has been set, defaulting to synchronous executor.
14:20:00.255 WARN  [main] o.s.b.a.o.j.JpaBaseConfiguration$JpaWebConfiguration - [traceId: , spanId: ] - spring.jpa.open-in-view is enabled by default. Therefore, database queries may be performed during view rendering. Explicitly configure spring.jpa.open-in-view to disable this warning
14:20:00.584 INFO  [main] o.s.b.a.h.H2ConsoleAutoConfiguration - [traceId: , spanId: ] - H2 console available at '/h2-console'. Database available at 'jdbc:h2:mem:testdb'
14:20:00.592 INFO  [main] o.s.b.a.e.web.EndpointLinksResolver - [traceId: , spanId: ] - Exposing 1 endpoint beneath base path '/actuator'
14:20:00.635 INFO  [main] o.a.coyote.http11.Http11NioProtocol - [traceId: , spanId: ] - Starting ProtocolHandler ["http-nio-8080"]
14:20:00.649 INFO  [main] o.s.b.w.e.tomcat.TomcatWebServer - [traceId: , spanId: ] - Tomcat started on port 8080 (http) with context path '/'
14:20:00.663 INFO  [main] o.e.s.SpringBatchTestApplication - [traceId: , spanId: ] - Started SpringBatchTestApplication in 2.675 seconds (process running for 3.144)
14:20:00.730 INFO  [main] o.s.b.c.l.s.TaskExecutorJobLauncher - [traceId: 34aaffccd1a02980388b3c4a7a084db2, spanId: 9e6b2d8e94f2fbbe] - Job: [SimpleJob: [name=exampleJob]] launched with the following parameters: [{'run.id':'{value=1752391200679, type=class java.lang.Long, identifying=true}'}]
14:20:00.752 INFO  [main] o.s.batch.core.job.SimpleStepHandler - [traceId: 34aaffccd1a02980388b3c4a7a084db2, spanId: 3304bd396442ae69] - Executing step: [exampleStep]
14:20:00.760 INFO  [main] o.example.springbatchtest.JobConfig - [traceId: 34aaffccd1a02980388b3c4a7a084db2, spanId: 35c36ceda864e83b] - Running the example tasklet...
14:20:00.760 INFO  [main] o.example.springbatchtest.JobConfig - [traceId: 34aaffccd1a02980388b3c4a7a084db2, spanId: 35c36ceda864e83b] - Current traceId: 34aaffccd1a02980388b3c4a7a084db2
14:20:00.762 INFO  [main] o.s.batch.core.step.AbstractStep - [traceId: 34aaffccd1a02980388b3c4a7a084db2, spanId: 3304bd396442ae69] - Step: [exampleStep] executed in 9ms
14:20:00.762 INFO  [main] o.s.b.c.l.s.TaskExecutorJobLauncher - [traceId: 34aaffccd1a02980388b3c4a7a084db2, spanId: 6719378c4aea75d0] - Job: [SimpleJob: [name=exampleJob]] completed with the following parameters: [{'run.id':'{value=1752391200679, type=class java.lang.Long, identifying=true}'}] and the following status: [COMPLETED] in 31ms
14:20:01.302 INFO  [RMI TCP Connection(1)-172.25.145.95] o.a.c.c.C.[Tomcat].[localhost].[/] - [traceId: , spanId: ] - Initializing Spring DispatcherServlet 'dispatcherServlet'
14:20:01.302 INFO  [RMI TCP Connection(1)-172.25.145.95] o.s.web.servlet.DispatcherServlet - [traceId: , spanId: ] - Initializing Servlet 'dispatcherServlet'
14:20:01.304 INFO  [RMI TCP Connection(1)-172.25.145.95] o.s.web.servlet.DispatcherServlet - [traceId: , spanId: ] - Completed initialization in 2 ms
Disconnected from the target VM, address: '127.0.0.1:65485', transport: 'socket'
14:24:57.350 INFO  [SpringApplicationShutdownHook] o.s.b.w.e.tomcat.GracefulShutdown - [traceId: , spanId: ] - Commencing graceful shutdown. Waiting for active requests to complete
14:24:57.541 INFO  [tomcat-shutdown] o.s.b.w.e.tomcat.GracefulShutdown - [traceId: , spanId: ] - Graceful shutdown complete
14:24:57.541 INFO  [SpringApplicationShutdownHook] o.s.o.j.LocalContainerEntityManagerFactoryBean - [traceId: , spanId: ] - Closing JPA EntityManagerFactory for persistence unit 'default'
14:24:57.541 INFO  [SpringApplicationShutdownHook] com.zaxxer.hikari.HikariDataSource - [traceId: , spanId: ] - HikariPool-1 - Shutdown initiated...
14:24:57.541 INFO  [SpringApplicationShutdownHook] com.zaxxer.hikari.HikariDataSource - [traceId: , spanId: ] - HikariPool-1 - Shutdown completed.

Process finished with exit code 130
